<?xml version="1.0" encoding="UTF-8"?>
<!-- Generated by org.testng.reporters.JUnitXMLReporter -->
<testsuite ignored="4" hostname="Gowtham" failures="2" tests="3" name="Adactin Test Suite" time="21.276" errors="0" timestamp="2023-07-13T20:01:59 IST">
  <testcase classname="testcase.AdactinHotel" name="LoginTest" time="1.226"/>
  <testcase classname="testcase.TC3_Select_Hotel_Page" name="Verify_TC3_Select_Hotel" time="0.0">
    <failure type="java.lang.RuntimeException" message="java.lang.NullPointerException: Cannot invoke &amp;quot;org.apache.poi.ss.usermodel.Sheet.getLastRowNum()&amp;quot; because &amp;quot;s&amp;quot; is null">
      <![CDATA[java.lang.RuntimeException: java.lang.NullPointerException: Cannot invoke "org.apache.poi.ss.usermodel.Sheet.getLastRowNum()" because "s" is null
at java.base/java.util.ArrayList.forEach(ArrayList.java:1511)
Caused by: java.lang.NullPointerException: Cannot invoke "org.apache.poi.ss.usermodel.Sheet.getLastRowNum()" because "s" is null
at utilities.ReadExcelData.getData(ReadExcelData.java:28)
... 25 more
... Removed 32 stack frames]]>
    </failure>
  </testcase> <!-- Verify_TC3_Select_Hotel -->
  <testcase classname="testcase.TC2_Search_Hotel_Page" name="Verify_TC2_Search_Hotel" time="0.0">
    <failure type="java.lang.RuntimeException" message="java.lang.NullPointerException: Cannot invoke &amp;quot;org.apache.poi.ss.usermodel.Sheet.getLastRowNum()&amp;quot; because &amp;quot;s&amp;quot; is null">
      <![CDATA[java.lang.RuntimeException: java.lang.NullPointerException: Cannot invoke "org.apache.poi.ss.usermodel.Sheet.getLastRowNum()" because "s" is null
at java.base/java.util.ArrayList.forEach(ArrayList.java:1511)
Caused by: java.lang.NullPointerException: Cannot invoke "org.apache.poi.ss.usermodel.Sheet.getLastRowNum()" because "s" is null
at utilities.ReadExcelData.getData(ReadExcelData.java:28)
... 25 more
... Removed 32 stack frames]]>
    </failure>
  </testcase> <!-- Verify_TC2_Search_Hotel -->
  <testcase classname="com.base.BaseAdactin" name="@BeforeTest SetUp" time="0.0">
    <ignored/>
  </testcase> <!-- @BeforeTest SetUp -->
  <testcase classname="com.base.BaseAdactin" name="@AfterTest Teardown" time="0.0">
    <ignored/>
  </testcase> <!-- @AfterTest Teardown -->
  <testcase classname="com.base.BaseAdactin" name="@AfterTest Teardown" time="0.0">
    <ignored/>
  </testcase> <!-- @AfterTest Teardown -->
  <testcase classname="com.base.BaseAdactin" name="@BeforeTest SetUp" time="0.0">
    <ignored/>
  </testcase> <!-- @BeforeTest SetUp -->
</testsuite> <!-- Adactin Test Suite -->
